23 Sep 2011 - 10:59:59 - 121 - content/zone-éditoriale-contenu-1 - gabarit 1 - bloc 1
23 Sep 2011 - 11:00:50 - 131 - content/zone-éditoriale-contenu-11 - gabarit 5 - bloc 4
23 Sep 2011 - 11:31:49 - 121 - content/zone-éditoriale-contenu-1 - gabarit 1 - bloc 1
23 Sep 2011 - 11:32:22 - 121 - content/zone-éditoriale-contenu-1 - gabarit 1 - bloc 1
23 Sep 2011 - 11:33:28 - 121 - content/zone-éditoriale-contenu-1 - gabarit 1 - bloc 1
23 Sep 2011 - 11:48:04 -  -  - gabarit 6 - bloc 4
23 Sep 2011 - 11:49:14 - 132 - content/zone-éditoriale-contenu-12 - gabarit 6 - bloc 2
23 Sep 2011 - 12:10:30 - 124 - content/zone-éditoriale-contenu-4 - gabarit 3 - bloc 1
23 Sep 2011 - 13:37:49 - 121 - content/zone-éditoriale-contenu-1 - gabarit 1 - bloc 1
23 Sep 2011 - 13:37:53 - 121 - content/zone-éditoriale-contenu-1 - gabarit 1 - bloc 1
23 Sep 2011 - 13:37:53 - 121 - content/zone-éditoriale-contenu-1 - gabarit 1 - bloc 1
23 Sep 2011 - 13:37:53 - 121 - content/zone-éditoriale-contenu-1 - gabarit 1 - bloc 1
23 Sep 2011 - 13:37:53 - 121 - content/zone-éditoriale-contenu-1 - gabarit 1 - bloc 1
23 Sep 2011 - 13:37:53 - 121 - content/zone-éditoriale-contenu-1 - gabarit 1 - bloc 1
23 Sep 2011 - 13:37:54 - 121 - content/zone-éditoriale-contenu-1 - gabarit 1 - bloc 1
23 Sep 2011 - 13:37:54 - 121 - content/zone-éditoriale-contenu-1 - gabarit 1 - bloc 1
23 Sep 2011 - 13:37:54 - 121 - content/zone-éditoriale-contenu-1 - gabarit 1 - bloc 1
23 Sep 2011 - 13:37:54 - 121 - content/zone-éditoriale-contenu-1 - gabarit 1 - bloc 1
23 Sep 2011 - 13:37:54 - 121 - content/zone-éditoriale-contenu-1 - gabarit 1 - bloc 1
23 Sep 2011 - 13:37:54 - 121 - content/zone-éditoriale-contenu-1 - gabarit 1 - bloc 1
23 Sep 2011 - 13:38:43 - 124 - content/zone-éditoriale-contenu-4 - gabarit 3 - bloc 1
23 Sep 2011 - 13:51:29 - 123 - content/zone-éditoriale-contenu-3 - gabarit 2 - bloc 2
23 Sep 2011 - 13:51:33 - 122 - content/zone-éditoriale-contenu-2 - gabarit 2 - bloc 1
23 Sep 2011 - 13:52:13 - 121 - content/zone-éditoriale-contenu-1 - gabarit 1 - bloc 1
23 Sep 2011 - 14:03:56 - 121 - content/zone-éditoriale-contenu-1 - gabarit 1 - bloc 1
23 Sep 2011 - 14:07:38 - 123 - content/zone-éditoriale-contenu-3 - gabarit 2 - bloc 2
23 Sep 2011 - 14:17:34 - 123 - content/zone-éditoriale-contenu-3 - gabarit 2 - bloc 2
23 Sep 2011 - 14:20:14 - 121 - content/zone-éditoriale-contenu-1 - gabarit 1 - bloc 1
23 Sep 2011 - 14:25:59 - 127 - content/zone-éditoriale-contenu-7 - gabarit 6 - bloc 1
23 Sep 2011 - 15:07:40 - 121 - content/zone-éditoriale-contenu-1 - gabarit 1 - bloc 1 - marc.lechien - admin
23 Sep 2011 - 15:09:56 - 121 - content/zone-éditoriale-contenu-1 - gabarit 1 - bloc 1 - anonymous user
27 Sep 2011 - 11:20:06 - 126 - content/zone-éditoriale-contenu-6 - gabarit 5 - bloc 1 - anonymous user
27 Sep 2011 - 11:50:02 - 129 - content/zone-éditoriale-contenu-9 - gabarit 4 - bloc 2 - gregory.cales - sansrole
27 Sep 2011 - 14:20:09 - 123 - content/zone-éditoriale-contenu-3 - gabarit 2 - bloc 2 - anonymous user
28 Sep 2011 - 16:42:06 - 121 - content/zone-éditoriale-contenu-1 - gabarit 1 - bloc 1 - anonymous user
28 Sep 2011 - 16:47:49 - 123 - content/zone-éditoriale-contenu-3 - gabarit 2 - bloc 2 - anonymous user
28 Sep 2011 - 16:50:28 - 121 - content/zone-éditoriale-contenu-1 - gabarit 1 - bloc 1 - anonymous user
28 Sep 2011 - 16:54:24 - 129 - content/zone-éditoriale-contenu-9 - gabarit 4 - bloc 2 - admineedprs - 
28 Sep 2011 - 17:30:03 - 125 - content/zone-éditoriale-contenu-5 - gabarit 4 - bloc 1 - anonymous user
29 Sep 2011 - 09:05:08 - 122 - content/zone-éditoriale-contenu-2 - gabarit 2 - bloc 1 - anonymous user
29 Sep 2011 - 09:14:04 - 121 - content/zone-éditoriale-contenu-1 - gabarit 1 - bloc 1 - anonymous user
29 Sep 2011 - 09:14:04 - 121 - content/zone-éditoriale-contenu-1 - gabarit 1 - bloc 1 - anonymous user
