05 Oct 2011 - 14:47:54 - 121 - content/zone-éditoriale-contenu-1 - gabarit 1 - bloc 1 - admineedprs - 
05 Oct 2011 - 14:47:56 - 121 - content/zone-éditoriale-contenu-1 - gabarit 1 - bloc 1 - admineedprs - 
05 Oct 2011 - 15:00:45 - 121 - content/zone-éditoriale-contenu-1 - gabarit 1 - bloc 1 - admineedprs - 
05 Oct 2011 - 15:33:36 - 121 - content/zone-éditoriale-contenu-1 - gabarit 1 - bloc 1 - admineedprs - 
05 Oct 2011 - 15:33:37 - 121 - content/zone-éditoriale-contenu-1 - gabarit 1 - bloc 1 - admineedprs - 
05 Oct 2011 - 16:33:11 - 127 - content/zone-éditoriale-contenu-7 - gabarit 6 - bloc 1 - admineedprs - 
05 Oct 2011 - 16:33:12 - 127 - content/zone-éditoriale-contenu-7 - gabarit 6 - bloc 1 - admineedprs - 
05 Oct 2011 - 16:48:53 - 121 - content/zone-éditoriale-contenu-1 - gabarit 1 - bloc 1 - admineedprs - 
06 Oct 2011 - 10:31:01 - 121 - content/zone-éditoriale-contenu-1 - gabarit 1 - bloc 1 - admineedprs - 
06 Oct 2011 - 11:02:29 - 121 - content/zone-éditoriale-contenu-1 - gabarit 1 - bloc 1 - admineedprs - 
06 Oct 2011 - 17:08:09 - 121 - content/zone-éditoriale-contenu-1 - gabarit 1 - bloc 1 - admineedprs - 
06 Oct 2011 - 17:08:10 - 121 - content/zone-éditoriale-contenu-1 - gabarit 1 - bloc 1 - admineedprs - 
07 Oct 2011 - 08:40:04 - 121 - content/zone-éditoriale-contenu-1 - gabarit 1 - bloc 1 - admineedprs - 
10 Oct 2011 - 11:01:01 - 180 -  - gabarit 1 - bloc 1 - admineedprs - 
10 Oct 2011 - 11:01:06 - 180 -  - gabarit 1 - bloc 1 - admineedprs - 
10 Oct 2011 - 11:48:51 - 180 - content/la-1ère-actualité-du-kit2site - gabarit 1 - bloc 1 - admineedprs - 
10 Oct 2011 - 12:16:37 - 180 - content/la-1ère-actualité-du-kit2site - gabarit 1 - bloc 1 - admineedprs - 
10 Oct 2011 - 12:16:42 - 180 - content/la-1ère-actualité-du-kit2site - gabarit 1 - bloc 1 - admineedprs - 
10 Oct 2011 - 14:02:05 - 180 - content/la-1ère-actualité-du-kit2site - gabarit 1 - bloc 1 - admineedprs - 
10 Oct 2011 - 14:16:29 - 180 - content/la-1ère-actualité-du-kit2site - gabarit 1 - bloc 1 - admineedprs - 
10 Oct 2011 - 14:16:29 - 180 - content/la-1ère-actualité-du-kit2site - gabarit 1 - bloc 1 - admineedprs - 
10 Oct 2011 - 14:19:12 - 189 - content/la-2ème-actualité-du-kit2site - gabarit 3 - bloc 2 - admineedprs - 
10 Oct 2011 - 15:09:45 - 180 - content/la-1ère-actualité-du-kit2site - gabarit 1 - bloc 1 - admineedprs - 
10 Oct 2011 - 15:35:07 - 189 - content/la-2ème-actualité-du-kit2site - gabarit 3 - bloc 2 - admineedprs - 
10 Oct 2011 - 15:35:54 - 180 - content/la-1ère-actualité-du-kit2site - gabarit 1 - bloc 1 - admineedprs - 
10 Oct 2011 - 16:54:17 - 192 - content/la-5ème-actualité-du-kit2site - gabarit 4 - bloc 3 - admineedprs - 
11 Oct 2011 - 09:48:29 - 180 - content/la-1ère-actualité-du-kit2site - gabarit 1 - bloc 1 - admineedprs - 
11 Oct 2011 - 09:48:31 - 180 - content/la-1ère-actualité-du-kit2site - gabarit 1 - bloc 1 - admineedprs - 
11 Oct 2011 - 09:48:31 - 180 - content/la-1ère-actualité-du-kit2site - gabarit 1 - bloc 1 - admineedprs - 
11 Oct 2011 - 09:48:32 - 180 - content/la-1ère-actualité-du-kit2site - gabarit 1 - bloc 1 - admineedprs - 
11 Oct 2011 - 09:48:32 - 180 - content/la-1ère-actualité-du-kit2site - gabarit 1 - bloc 1 - admineedprs - 
11 Oct 2011 - 09:48:32 - 180 - content/la-1ère-actualité-du-kit2site - gabarit 1 - bloc 1 - admineedprs - 
11 Oct 2011 - 09:48:32 - 180 - content/la-1ère-actualité-du-kit2site - gabarit 1 - bloc 1 - admineedprs - 
11 Oct 2011 - 09:48:33 - 180 - content/la-1ère-actualité-du-kit2site - gabarit 1 - bloc 1 - admineedprs - 
11 Oct 2011 - 09:48:33 - 180 - content/la-1ère-actualité-du-kit2site - gabarit 1 - bloc 1 - admineedprs - 
11 Oct 2011 - 09:48:33 - 180 - content/la-1ère-actualité-du-kit2site - gabarit 1 - bloc 1 - admineedprs - 
11 Oct 2011 - 09:50:15 - 180 - content/la-1ère-actualité-du-kit2site - gabarit 1 - bloc 1 - admineedprs - 
11 Oct 2011 - 09:50:17 - 180 - content/la-1ère-actualité-du-kit2site - gabarit 1 - bloc 1 - admineedprs - 
11 Oct 2011 - 09:50:17 - 180 - content/la-1ère-actualité-du-kit2site - gabarit 1 - bloc 1 - admineedprs - 
11 Oct 2011 - 09:50:17 - 180 - content/la-1ère-actualité-du-kit2site - gabarit 1 - bloc 1 - admineedprs - 
11 Oct 2011 - 09:50:17 - 180 - content/la-1ère-actualité-du-kit2site - gabarit 1 - bloc 1 - admineedprs - 
11 Oct 2011 - 09:50:18 - 180 - content/la-1ère-actualité-du-kit2site - gabarit 1 - bloc 1 - admineedprs - 
11 Oct 2011 - 09:50:18 - 180 - content/la-1ère-actualité-du-kit2site - gabarit 1 - bloc 1 - admineedprs - 
11 Oct 2011 - 09:50:18 - 180 - content/la-1ère-actualité-du-kit2site - gabarit 1 - bloc 1 - admineedprs - 
11 Oct 2011 - 09:50:18 - 180 - content/la-1ère-actualité-du-kit2site - gabarit 1 - bloc 1 - admineedprs - 
11 Oct 2011 - 09:50:35 - 189 - content/la-2ème-actualité-du-kit2site - gabarit 3 - bloc 2 - admineedprs - 
11 Oct 2011 - 09:50:35 - 189 - content/la-2ème-actualité-du-kit2site - gabarit 3 - bloc 2 - admineedprs - 
11 Oct 2011 - 09:50:35 - 189 - content/la-2ème-actualité-du-kit2site - gabarit 3 - bloc 2 - admineedprs - 
11 Oct 2011 - 09:50:36 - 189 - content/la-2ème-actualité-du-kit2site - gabarit 3 - bloc 2 - admineedprs - 
11 Oct 2011 - 09:50:36 - 189 - content/la-2ème-actualité-du-kit2site - gabarit 3 - bloc 2 - admineedprs - 
11 Oct 2011 - 09:50:36 - 189 - content/la-2ème-actualité-du-kit2site - gabarit 3 - bloc 2 - admineedprs - 
11 Oct 2011 - 09:50:36 - 189 - content/la-2ème-actualité-du-kit2site - gabarit 3 - bloc 2 - admineedprs - 
11 Oct 2011 - 13:16:39 -  -  - gabarit 6 - bloc 4 - admineedprs - 
11 Oct 2011 - 13:26:47 - 195 - content/la-6eme-actualite-du-kit2site - gabarit 5 - bloc 3 - admineedprs - 
11 Oct 2011 - 13:32:32 - 195 - content/la-6eme-actualite-du-kit2site - gabarit 5 - bloc 3 - admineedprs - 
11 Oct 2011 - 13:32:33 - 195 - content/la-6eme-actualite-du-kit2site - gabarit 5 - bloc 3 - admineedprs - 
11 Oct 2011 - 13:48:20 - 195 - content/la-6eme-actualite-du-kit2site - gabarit 4 - bloc 2 - admineedprs - 
12 Oct 2011 - 10:13:18 - 180 - content/la-1ere-actualite-du-kit2site - gabarit 1 - bloc 1 - marc.lechien - admin
12 Oct 2011 - 12:23:17 - 190 - content/la-3eme-actualite-du-kit2site - gabarit 2 - bloc 1 - admineedprs - 
12 Oct 2011 - 12:25:01 - 189 - content/la-2eme-actualite-du-kit2site - gabarit 3 - bloc 2 - admineedprs - 
12 Oct 2011 - 12:25:37 - 192 - content/la-5eme-actualite-du-kit2site - gabarit 4 - bloc 3 - admineedprs - 
12 Oct 2011 - 12:34:04 - 190 - content/la-3eme-actualite-du-kit2site - gabarit 2 - bloc 1 - admineedprs - 
13 Oct 2011 - 09:05:06 -  -  - gabarit 6 - bloc 1 - anonymous user
13 Oct 2011 - 17:24:23 - 180 - content/la-1ere-actualite-du-kit2site - gabarit 1 - bloc 1 - admineedprs - 
